29/07/2020 22:10:22 devpinoyLogger username Entered
29/07/2020 22:10:22 devpinoyLogger password Entered
29/07/2020 22:10:24 devpinoyLogger login button clicked
29/07/2020 22:10:38 devpinoyLogger Clicked on New for Event
29/07/2020 22:10:42 devpinoyLogger Subject Entered
29/07/2020 22:10:43 devpinoyLogger Description Entered
29/07/2020 22:10:44 devpinoyLogger Location entered isNoida
29/07/2020 22:10:44 devpinoyLogger Location entered is7/26/20
29/07/2020 22:10:44 devpinoyLogger Location entered is1:30 AM
29/07/2020 22:10:45 devpinoyLogger Location entered is7/28/20
29/07/2020 22:10:45 devpinoyLogger Location entered is2:30 PM
29/07/2020 22:10:50 devpinoyLogger Clicked on New for Service Ticket
29/07/2020 22:10:54 devpinoyLogger message entered
29/07/2020 22:10:55 devpinoyLogger message entered
29/07/2020 22:10:56 devpinoyLogger Company Selected
29/07/2020 22:10:56 devpinoyLogger User Selected
29/07/2020 22:10:57 devpinoyLogger Service Selected
29/07/2020 22:10:57 devpinoyLogger Priority Selected
29/07/2020 22:11:01 devpinoyLogger Clicked on Submit
29/07/2020 22:11:07 devpinoyLogger Scheduling Tab Clicked
29/07/2020 22:11:16 devpinoyLogger Subject Entered
29/07/2020 22:11:16 devpinoyLogger Description Entered
29/07/2020 22:11:17 devpinoyLogger Location entered isNoida
29/07/2020 22:11:17 devpinoyLogger Location entered is7/27/20
29/07/2020 22:11:18 devpinoyLogger Location entered is2:30 AM
29/07/2020 22:11:18 devpinoyLogger Location entered is7/29/20
29/07/2020 22:11:18 devpinoyLogger Location entered is3:30 PM
29/07/2020 22:11:22 devpinoyLogger Tickets Tab Clicked
29/07/2020 22:11:27 devpinoyLogger message entered
29/07/2020 22:11:27 devpinoyLogger message entered
29/07/2020 22:11:27 devpinoyLogger Company Selected
29/07/2020 22:11:28 devpinoyLogger User Selected
29/07/2020 22:11:28 devpinoyLogger Service Selected
29/07/2020 22:11:28 devpinoyLogger Priority Selected
29/07/2020 22:11:32 devpinoyLogger Clicked on Submit
29/07/2020 22:11:38 devpinoyLogger Billing Tab Clicked
29/07/2020 22:11:39 devpinoyLogger Clciked on Add button
29/07/2020 22:11:42 devpinoyLogger date entered
29/07/2020 22:11:57 devpinoyLogger Devices Tab Clicked
29/07/2020 22:11:57 devpinoyLogger Adding device started
29/07/2020 22:12:03 devpinoyLogger Device add success
29/07/2020 22:12:06 devpinoyLogger DashBoard Tab Clicked
29/07/2020 22:12:09 devpinoyLogger passwords Tab Clicked
29/07/2020 22:12:18 devpinoyLogger Purchases Tab Clicked
29/07/2020 22:12:35 devpinoyLogger DashBoard Tab Clicked
29/07/2020 22:12:38 devpinoyLogger Contacts Tab Clicked
29/07/2020 22:12:39 devpinoyLogger Adding contact started
29/07/2020 22:12:54 devpinoyLogger DashBoard Tab Clicked
29/07/2020 22:12:57 devpinoyLogger Reports Tab Clicked
29/07/2020 22:13:09 devpinoyLogger Systems Tab Clicked
29/07/2020 22:14:25 devpinoyLogger DashBoard Tab Clicked
